# JRE version: OpenJDK Runtime Environment (8.0_242-b01) (build 1.8.0_242-release-1644-b01)
# Java VM: OpenJDK 64-Bit Server VM (25.242-b01 mixed mode windows-amd64 compressed oops)
Heap:
 PSYoungGen      total 499712K, used 195461K [0x00000000e0000000, 0x0000000100000000, 0x0000000100000000)
  eden space 474624K, 39% used [0x00000000e0000000,0x00000000eb61e748,0x00000000fcf80000)
  from space 25088K, 35% used [0x00000000fe780000,0x00000000ff042e90,0x0000000100000000)
  to   space 24576K, 0% used [0x00000000fcf80000,0x00000000fcf80000,0x00000000fe780000)
 ParOldGen       total 162816K, used 49918K [0x00000000a0000000, 0x00000000a9f00000, 0x00000000e0000000)
  object space 162816K, 30% used [0x00000000a0000000,0x00000000a30bf988,0x00000000a9f00000)
 Metaspace       used 95707K, capacity 100694K, committed 101800K, reserved 1136640K
  class space    used 12416K, capacity 13381K, committed 13744K, reserved 1048576K
GC Heap History (10 events):
Event: 60.502 GC heap before
{Heap before GC invocations=30 (full 3):
 PSYoungGen      total 496640K, used 59298K [0x00000000e0000000, 0x00000000ffd00000, 0x0000000100000000)
  eden space 474112K, 9% used [0x00000000e0000000,0x00000000e2d3df88,0x00000000fcf00000)
  from space 22528K, 57% used [0x00000000fe700000,0x00000000ff3aac48,0x00000000ffd00000)
  to   space 23552K, 0% used [0x00000000fcf00000,0x00000000fcf00000,0x00000000fe600000)
 ParOldGen       total 116736K, used 64400K [0x00000000a0000000, 0x00000000a7200000, 0x00000000e0000000)
  object space 116736K, 55% used [0x00000000a0000000,0x00000000a3ee4180,0x00000000a7200000)
 Metaspace       used 92994K, capacity 98438K, committed 98600K, reserved 1134592K
  class space    used 12403K, capacity 13497K, committed 13616K, reserved 1048576K
Event: 60.516 GC heap after
Heap after GC invocations=30 (full 3):
 PSYoungGen      total 497664K, used 4015K [0x00000000e0000000, 0x0000000100000000, 0x0000000100000000)
  eden space 474112K, 0% used [0x00000000e0000000,0x00000000e0000000,0x00000000fcf00000)
  from space 23552K, 17% used [0x00000000fcf00000,0x00000000fd2ebec8,0x00000000fe600000)
  to   space 24064K, 0% used [0x00000000fe880000,0x00000000fe880000,0x0000000100000000)
 ParOldGen       total 116736K, used 64408K [0x00000000a0000000, 0x00000000a7200000, 0x00000000e0000000)
  object space 116736K, 55% used [0x00000000a0000000,0x00000000a3ee6180,0x00000000a7200000)
 Metaspace       used 92994K, capacity 98438K, committed 98600K, reserved 1134592K
  class space    used 12403K, capacity 13497K, committed 13616K, reserved 1048576K
}
Event: 60.516 GC heap before
{Heap before GC invocations=31 (full 4):
 PSYoungGen      total 497664K, used 4015K [0x00000000e0000000, 0x0000000100000000, 0x0000000100000000)
  eden space 474112K, 0% used [0x00000000e0000000,0x00000000e0000000,0x00000000fcf00000)
  from space 23552K, 17% used [0x00000000fcf00000,0x00000000fd2ebec8,0x00000000fe600000)
  to   space 24064K, 0% used [0x00000000fe880000,0x00000000fe880000,0x0000000100000000)
 ParOldGen       total 116736K, used 64408K [0x00000000a0000000, 0x00000000a7200000, 0x00000000e0000000)
  object space 116736K, 55% used [0x00000000a0000000,0x00000000a3ee6180,0x00000000a7200000)
 Metaspace       used 92994K, capacity 98438K, committed 98600K, reserved 1134592K
  class space    used 12403K, capacity 13497K, committed 13616K, reserved 1048576K
Event: 60.812 GC heap after
Heap after GC invocations=31 (full 4):
 PSYoungGen      total 497664K, used 0K [0x00000000e0000000, 0x0000000100000000, 0x0000000100000000)
  eden space 474112K, 0% used [0x00000000e0000000,0x00000000e0000000,0x00000000fcf00000)
  from space 23552K, 0% used [0x00000000fcf00000,0x00000000fcf00000,0x00000000fe600000)
  to   space 24064K, 0% used [0x00000000fe880000,0x00000000fe880000,0x0000000100000000)
 ParOldGen       total 162816K, used 49902K [0x00000000a0000000, 0x00000000a9f00000, 0x00000000e0000000)
  object space 162816K, 30% used [0x00000000a0000000,0x00000000a30bb988,0x00000000a9f00000)
 Metaspace       used 92469K, capacity 97272K, committed 98600K, reserved 1134592K
  class space    used 12214K, capacity 13158K, committed 13616K, reserved 1048576K
}
Event: 375.697 GC heap before
{Heap before GC invocations=32 (full 4):
 PSYoungGen      total 497664K, used 474112K [0x00000000e0000000, 0x0000000100000000, 0x0000000100000000)
  eden space 474112K, 100% used [0x00000000e0000000,0x00000000fcf00000,0x00000000fcf00000)
  from space 23552K, 0% used [0x00000000fcf00000,0x00000000fcf00000,0x00000000fe600000)
  to   space 24064K, 0% used [0x00000000fe880000,0x00000000fe880000,0x0000000100000000)
 ParOldGen       total 162816K, used 49902K [0x00000000a0000000, 0x00000000a9f00000, 0x00000000e0000000)
  object space 162816K, 30% used [0x00000000a0000000,0x00000000a30bb988,0x00000000a9f00000)
 Metaspace       used 95513K, capacity 100446K, committed 101544K, reserved 1136640K
  class space    used 12407K, capacity 13373K, committed 13744K, reserved 1048576K
Event: 375.739 GC heap after
Heap after GC invocations=32 (full 4):
 PSYoungGen      total 499200K, used 16582K [0x00000000e0000000, 0x0000000100000000, 0x0000000100000000)
  eden space 475136K, 0% used [0x00000000e0000000,0x00000000e0000000,0x00000000fd000000)
  from space 24064K, 68% used [0x00000000fe880000,0x00000000ff8b1948,0x0000000100000000)
  to   space 24576K, 0% used [0x00000000fd000000,0x00000000fd000000,0x00000000fe800000)
 ParOldGen       total 162816K, used 49910K [0x00000000a0000000, 0x00000000a9f00000, 0x00000000e0000000)
  object space 162816K, 30% used [0x00000000a0000000,0x00000000a30bd988,0x00000000a9f00000)
 Metaspace       used 95513K, capacity 100446K, committed 101544K, reserved 1136640K
  class space    used 12407K, capacity 13373K, committed 13744K, reserved 1048576K
}
Event: 378.999 GC heap before
{Heap before GC invocations=33 (full 4):
 PSYoungGen      total 499200K, used 491718K [0x00000000e0000000, 0x0000000100000000, 0x0000000100000000)
  eden space 475136K, 100% used [0x00000000e0000000,0x00000000fd000000,0x00000000fd000000)
  from space 24064K, 68% used [0x00000000fe880000,0x00000000ff8b1948,0x0000000100000000)
  to   space 24576K, 0% used [0x00000000fd000000,0x00000000fd000000,0x00000000fe800000)
 ParOldGen       total 162816K, used 49910K [0x00000000a0000000, 0x00000000a9f00000, 0x00000000e0000000)
  object space 162816K, 30% used [0x00000000a0000000,0x00000000a30bd988,0x00000000a9f00000)
 Metaspace       used 95552K, capacity 100446K, committed 101544K, reserved 1136640K
  class space    used 12407K, capacity 13373K, committed 13744K, reserved 1048576K
Event: 379.036 GC heap after
Heap after GC invocations=33 (full 4):
 PSYoungGen      total 492032K, used 16798K [0x00000000e0000000, 0x0000000100000000, 0x0000000100000000)
  eden space 475136K, 0% used [0x00000000e0000000,0x00000000e0000000,0x00000000fd000000)
  from space 16896K, 99% used [0x00000000fd000000,0x00000000fe0678e8,0x00000000fe080000)
  to   space 25088K, 0% used [0x00000000fe780000,0x00000000fe780000,0x0000000100000000)
 ParOldGen       total 162816K, used 49910K [0x00000000a0000000, 0x00000000a9f00000, 0x00000000e0000000)
  object space 162816K, 30% used [0x00000000a0000000,0x00000000a30bd988,0x00000000a9f00000)
 Metaspace       used 95552K, capacity 100446K, committed 101544K, reserved 1136640K
  class space    used 12407K, capacity 13373K, committed 13744K, reserved 1048576K
}
Event: 381.646 GC heap before
{Heap before GC invocations=34 (full 4):
 PSYoungGen      total 492032K, used 491934K [0x00000000e0000000, 0x0000000100000000, 0x0000000100000000)
  eden space 475136K, 100% used [0x00000000e0000000,0x00000000fd000000,0x00000000fd000000)
  from space 16896K, 99% used [0x00000000fd000000,0x00000000fe0678e8,0x00000000fe080000)
  to   space 25088K, 0% used [0x00000000fe780000,0x00000000fe780000,0x0000000100000000)
 ParOldGen       total 162816K, used 49910K [0x00000000a0000000, 0x00000000a9f00000, 0x00000000e0000000)
  object space 162816K, 30% used [0x00000000a0000000,0x00000000a30bd988,0x00000000a9f00000)
 Metaspace       used 95596K, capacity 100510K, committed 101544K, reserved 1136640K
  class space    used 12408K, capacity 13373K, committed 13744K, reserved 1048576K
Event: 381.664 GC heap after
Heap after GC invocations=34 (full 4):
 PSYoungGen      total 499712K, used 8971K [0x00000000e0000000, 0x0000000100000000, 0x0000000100000000)
  eden space 474624K, 0% used [0x00000000e0000000,0x00000000e0000000,0x00000000fcf80000)
  from space 25088K, 35% used [0x00000000fe780000,0x00000000ff042e90,0x0000000100000000)
  to   space 24576K, 0% used [0x00000000fcf80000,0x00000000fcf80000,0x00000000fe780000)
 ParOldGen       total 162816K, used 49918K [0x00000000a0000000, 0x00000000a9f00000, 0x00000000e0000000)
  object space 162816K, 30% used [0x00000000a0000000,0x00000000a30bf988,0x00000000a9f00000)
 Metaspace       used 95596K, capacity 100510K, committed 101544K, reserved 1136640K
  class space    used 12408K, capacity 13373K, committed 13744K, reserved 1048576K
}

