# JRE version: OpenJDK Runtime Environment (8.0_242-b01) (build 1.8.0_242-release-1644-b01)
# Java VM: OpenJDK 64-Bit Server VM (25.242-b01 mixed mode windows-amd64 compressed oops)
Heap:
 PSYoungGen      total 246784K, used 95738K [0x00000000e0000000, 0x00000000f5300000, 0x0000000100000000)
  eden space 226304K, 33% used [0x00000000e0000000,0x00000000e4982f80,0x00000000edd00000)
  from space 20480K, 99% used [0x00000000edd00000,0x00000000ef0fb978,0x00000000ef100000)
  to   space 24064K, 0% used [0x00000000f3b80000,0x00000000f3b80000,0x00000000f5300000)
 ParOldGen       total 104448K, used 30354K [0x00000000a0000000, 0x00000000a6600000, 0x00000000e0000000)
  object space 104448K, 29% used [0x00000000a0000000,0x00000000a1da4848,0x00000000a6600000)
 Metaspace       used 68165K, capacity 71368K, committed 71464K, reserved 1110016K
  class space    used 9302K, capacity 9939K, committed 10032K, reserved 1048576K
GC Heap History (10 events):
Event: 12.327 GC heap before
{Heap before GC invocations=12 (full 2):
 PSYoungGen      total 137216K, used 125952K [0x00000000e0000000, 0x00000000ec480000, 0x0000000100000000)
  eden space 125952K, 100% used [0x00000000e0000000,0x00000000e7b00000,0x00000000e7b00000)
  from space 11264K, 0% used [0x00000000e7b00000,0x00000000e7b00000,0x00000000e8600000)
  to   space 12800K, 0% used [0x00000000eb800000,0x00000000eb800000,0x00000000ec480000)
 ParOldGen       total 72192K, used 17126K [0x00000000a0000000, 0x00000000a4680000, 0x00000000e0000000)
  object space 72192K, 23% used [0x00000000a0000000,0x00000000a10b9920,0x00000000a4680000)
 Metaspace       used 39834K, capacity 41618K, committed 41768K, reserved 1085440K
  class space    used 5495K, capacity 5936K, committed 5936K, reserved 1048576K
Event: 12.339 GC heap after
Heap after GC invocations=12 (full 2):
 PSYoungGen      total 181248K, used 10086K [0x00000000e0000000, 0x00000000ec200000, 0x0000000100000000)
  eden space 171008K, 0% used [0x00000000e0000000,0x00000000e0000000,0x00000000ea700000)
  from space 10240K, 98% used [0x00000000eb800000,0x00000000ec1d9830,0x00000000ec200000)
  to   space 13312K, 0% used [0x00000000ea800000,0x00000000ea800000,0x00000000eb500000)
 ParOldGen       total 72192K, used 17134K [0x00000000a0000000, 0x00000000a4680000, 0x00000000e0000000)
  object space 72192K, 23% used [0x00000000a0000000,0x00000000a10bb920,0x00000000a4680000)
 Metaspace       used 39834K, capacity 41618K, committed 41768K, reserved 1085440K
  class space    used 5495K, capacity 5936K, committed 5936K, reserved 1048576K
}
Event: 21.070 GC heap before
{Heap before GC invocations=13 (full 2):
 PSYoungGen      total 181248K, used 181094K [0x00000000e0000000, 0x00000000ec200000, 0x0000000100000000)
  eden space 171008K, 100% used [0x00000000e0000000,0x00000000ea700000,0x00000000ea700000)
  from space 10240K, 98% used [0x00000000eb800000,0x00000000ec1d9830,0x00000000ec200000)
  to   space 13312K, 0% used [0x00000000ea800000,0x00000000ea800000,0x00000000eb500000)
 ParOldGen       total 72192K, used 17134K [0x00000000a0000000, 0x00000000a4680000, 0x00000000e0000000)
  object space 72192K, 23% used [0x00000000a0000000,0x00000000a10bb920,0x00000000a4680000)
 Metaspace       used 55655K, capacity 57858K, committed 58024K, reserved 1099776K
  class space    used 7574K, capacity 8110K, committed 8112K, reserved 1048576K
Event: 21.126 GC heap after
Heap after GC invocations=13 (full 2):
 PSYoungGen      total 185344K, used 13286K [0x00000000e0000000, 0x00000000f0480000, 0x0000000100000000)
  eden space 172032K, 0% used [0x00000000e0000000,0x00000000e0000000,0x00000000ea800000)
  from space 13312K, 99% used [0x00000000ea800000,0x00000000eb4f9930,0x00000000eb500000)
  to   space 19968K, 0% used [0x00000000ef100000,0x00000000ef100000,0x00000000f0480000)
 ParOldGen       total 72192K, used 30357K [0x00000000a0000000, 0x00000000a4680000, 0x00000000e0000000)
  object space 72192K, 42% used [0x00000000a0000000,0x00000000a1da5658,0x00000000a4680000)
 Metaspace       used 55655K, capacity 57858K, committed 58024K, reserved 1099776K
  class space    used 7574K, capacity 8110K, committed 8112K, reserved 1048576K
}
Event: 21.507 GC heap before
{Heap before GC invocations=14 (full 2):
 PSYoungGen      total 185344K, used 28740K [0x00000000e0000000, 0x00000000f0480000, 0x0000000100000000)
  eden space 172032K, 8% used [0x00000000e0000000,0x00000000e0f17760,0x00000000ea800000)
  from space 13312K, 99% used [0x00000000ea800000,0x00000000eb4f9930,0x00000000eb500000)
  to   space 19968K, 0% used [0x00000000ef100000,0x00000000ef100000,0x00000000f0480000)
 ParOldGen       total 72192K, used 30357K [0x00000000a0000000, 0x00000000a4680000, 0x00000000e0000000)
  object space 72192K, 42% used [0x00000000a0000000,0x00000000a1da5658,0x00000000a4680000)
 Metaspace       used 56663K, capacity 58994K, committed 59160K, reserved 1099776K
  class space    used 7746K, capacity 8262K, committed 8368K, reserved 1048576K
Event: 21.523 GC heap after
Heap after GC invocations=14 (full 2):
 PSYoungGen      total 246272K, used 1568K [0x00000000e0000000, 0x00000000f0b00000, 0x0000000100000000)
  eden space 226304K, 0% used [0x00000000e0000000,0x00000000e0000000,0x00000000edd00000)
  from space 19968K, 7% used [0x00000000ef100000,0x00000000ef288000,0x00000000f0480000)
  to   space 20480K, 0% used [0x00000000edd00000,0x00000000edd00000,0x00000000ef100000)
 ParOldGen       total 72192K, used 41121K [0x00000000a0000000, 0x00000000a4680000, 0x00000000e0000000)
  object space 72192K, 56% used [0x00000000a0000000,0x00000000a2828588,0x00000000a4680000)
 Metaspace       used 56663K, capacity 58994K, committed 59160K, reserved 1099776K
  class space    used 7746K, capacity 8262K, committed 8368K, reserved 1048576K
}
Event: 21.523 GC heap before
{Heap before GC invocations=15 (full 3):
 PSYoungGen      total 246272K, used 1568K [0x00000000e0000000, 0x00000000f0b00000, 0x0000000100000000)
  eden space 226304K, 0% used [0x00000000e0000000,0x00000000e0000000,0x00000000edd00000)
  from space 19968K, 7% used [0x00000000ef100000,0x00000000ef288000,0x00000000f0480000)
  to   space 20480K, 0% used [0x00000000edd00000,0x00000000edd00000,0x00000000ef100000)
 ParOldGen       total 72192K, used 41121K [0x00000000a0000000, 0x00000000a4680000, 0x00000000e0000000)
  object space 72192K, 56% used [0x00000000a0000000,0x00000000a2828588,0x00000000a4680000)
 Metaspace       used 56663K, capacity 58994K, committed 59160K, reserved 1099776K
  class space    used 7746K, capacity 8262K, committed 8368K, reserved 1048576K
Event: 21.762 GC heap after
Heap after GC invocations=15 (full 3):
 PSYoungGen      total 246272K, used 0K [0x00000000e0000000, 0x00000000f0b00000, 0x0000000100000000)
  eden space 226304K, 0% used [0x00000000e0000000,0x00000000e0000000,0x00000000edd00000)
  from space 19968K, 0% used [0x00000000ef100000,0x00000000ef100000,0x00000000f0480000)
  to   space 20480K, 0% used [0x00000000edd00000,0x00000000edd00000,0x00000000ef100000)
 ParOldGen       total 104448K, used 29537K [0x00000000a0000000, 0x00000000a6600000, 0x00000000e0000000)
  object space 104448K, 28% used [0x00000000a0000000,0x00000000a1cd85d8,0x00000000a6600000)
 Metaspace       used 56649K, capacity 58946K, committed 59160K, reserved 1099776K
  class space    used 7741K, capacity 8254K, committed 8368K, reserved 1048576K
}
Event: 51.655 GC heap before
{Heap before GC invocations=16 (full 3):
 PSYoungGen      total 246272K, used 226304K [0x00000000e0000000, 0x00000000f0b00000, 0x0000000100000000)
  eden space 226304K, 100% used [0x00000000e0000000,0x00000000edd00000,0x00000000edd00000)
  from space 19968K, 0% used [0x00000000ef100000,0x00000000ef100000,0x00000000f0480000)
  to   space 20480K, 0% used [0x00000000edd00000,0x00000000edd00000,0x00000000ef100000)
 ParOldGen       total 104448K, used 29537K [0x00000000a0000000, 0x00000000a6600000, 0x00000000e0000000)
  object space 104448K, 28% used [0x00000000a0000000,0x00000000a1cd85d8,0x00000000a6600000)
 Metaspace       used 67132K, capacity 70184K, committed 70312K, reserved 1110016K
  class space    used 9208K, capacity 9837K, committed 9904K, reserved 1048576K
Event: 51.722 GC heap after
Heap after GC invocations=16 (full 3):
 PSYoungGen      total 246784K, used 20462K [0x00000000e0000000, 0x00000000f5300000, 0x0000000100000000)
  eden space 226304K, 0% used [0x00000000e0000000,0x00000000e0000000,0x00000000edd00000)
  from space 20480K, 99% used [0x00000000edd00000,0x00000000ef0fb978,0x00000000ef100000)
  to   space 24064K, 0% used [0x00000000f3b80000,0x00000000f3b80000,0x00000000f5300000)
 ParOldGen       total 104448K, used 30354K [0x00000000a0000000, 0x00000000a6600000, 0x00000000e0000000)
  object space 104448K, 29% used [0x00000000a0000000,0x00000000a1da4848,0x00000000a6600000)
 Metaspace       used 67132K, capacity 70184K, committed 70312K, reserved 1110016K
  class space    used 9208K, capacity 9837K, committed 9904K, reserved 1048576K
}

