# JRE version: OpenJDK Runtime Environment (8.0_242-b01) (build 1.8.0_242-release-1644-b01)
# Java VM: OpenJDK 64-Bit Server VM (25.242-b01 mixed mode windows-amd64 compressed oops)
Heap:
 PSYoungGen      total 73216K, used 65132K [0x00000000e0000000, 0x00000000e6500000, 0x0000000100000000)
  eden space 63488K, 89% used [0x00000000e0000000,0x00000000e378eb60,0x00000000e3e00000)
  from space 9728K, 84% used [0x00000000e3e00000,0x00000000e460c5f0,0x00000000e4780000)
  to   space 10752K, 0% used [0x00000000e5a80000,0x00000000e5a80000,0x00000000e6500000)
 ParOldGen       total 54272K, used 18440K [0x00000000a0000000, 0x00000000a3500000, 0x00000000e0000000)
  object space 54272K, 33% used [0x00000000a0000000,0x00000000a12023b8,0x00000000a3500000)
 Metaspace       used 51135K, capacity 53226K, committed 53464K, reserved 1095680K
  class space    used 6842K, capacity 7307K, committed 7424K, reserved 1048576K
GC Heap History (10 events):
Event: 86.419 GC heap before
{Heap before GC invocations=15 (full 2):
 PSYoungGen      total 38912K, used 176K [0x00000000e0000000, 0x00000000e4180000, 0x0000000100000000)
  eden space 28672K, 0% used [0x00000000e0000000,0x00000000e0000000,0x00000000e1c00000)
  from space 10240K, 1% used [0x00000000e1c00000,0x00000000e1c2c2b0,0x00000000e2600000)
  to   space 10752K, 0% used [0x00000000e3700000,0x00000000e3700000,0x00000000e4180000)
 ParOldGen       total 43008K, used 13411K [0x00000000a0000000, 0x00000000a2a00000, 0x00000000e0000000)
  object space 43008K, 31% used [0x00000000a0000000,0x00000000a0d18e68,0x00000000a2a00000)
 Metaspace       used 34162K, capacity 35328K, committed 35416K, reserved 1079296K
  class space    used 4710K, capacity 4975K, committed 4992K, reserved 1048576K
Event: 86.540 GC heap after
Heap after GC invocations=15 (full 2):
 PSYoungGen      total 38912K, used 0K [0x00000000e0000000, 0x00000000e4180000, 0x0000000100000000)
  eden space 28672K, 0% used [0x00000000e0000000,0x00000000e0000000,0x00000000e1c00000)
  from space 10240K, 0% used [0x00000000e1c00000,0x00000000e1c00000,0x00000000e2600000)
  to   space 10752K, 0% used [0x00000000e3700000,0x00000000e3700000,0x00000000e4180000)
 ParOldGen       total 54272K, used 13134K [0x00000000a0000000, 0x00000000a3500000, 0x00000000e0000000)
  object space 54272K, 24% used [0x00000000a0000000,0x00000000a0cd3bf8,0x00000000a3500000)
 Metaspace       used 34162K, capacity 35328K, committed 35416K, reserved 1079296K
  class space    used 4710K, capacity 4975K, committed 4992K, reserved 1048576K
}
Event: 93.087 GC heap before
{Heap before GC invocations=16 (full 2):
 PSYoungGen      total 38912K, used 28672K [0x00000000e0000000, 0x00000000e4180000, 0x0000000100000000)
  eden space 28672K, 100% used [0x00000000e0000000,0x00000000e1c00000,0x00000000e1c00000)
  from space 10240K, 0% used [0x00000000e1c00000,0x00000000e1c00000,0x00000000e2600000)
  to   space 10752K, 0% used [0x00000000e3700000,0x00000000e3700000,0x00000000e4180000)
 ParOldGen       total 54272K, used 13134K [0x00000000a0000000, 0x00000000a3500000, 0x00000000e0000000)
  object space 54272K, 24% used [0x00000000a0000000,0x00000000a0cd3bf8,0x00000000a3500000)
 Metaspace       used 35662K, capacity 36954K, committed 37208K, reserved 1081344K
  class space    used 4909K, capacity 5192K, committed 5248K, reserved 1048576K
Event: 93.092 GC heap after
Heap after GC invocations=16 (full 2):
 PSYoungGen      total 51200K, used 2748K [0x00000000e0000000, 0x00000000e3e80000, 0x0000000100000000)
  eden space 43520K, 0% used [0x00000000e0000000,0x00000000e0000000,0x00000000e2a80000)
  from space 7680K, 35% used [0x00000000e3700000,0x00000000e39af140,0x00000000e3e80000)
  to   space 10240K, 0% used [0x00000000e2a80000,0x00000000e2a80000,0x00000000e3480000)
 ParOldGen       total 54272K, used 13142K [0x00000000a0000000, 0x00000000a3500000, 0x00000000e0000000)
  object space 54272K, 24% used [0x00000000a0000000,0x00000000a0cd5bf8,0x00000000a3500000)
 Metaspace       used 35662K, capacity 36954K, committed 37208K, reserved 1081344K
  class space    used 4909K, capacity 5192K, committed 5248K, reserved 1048576K
}
Event: 112.217 GC heap before
{Heap before GC invocations=17 (full 2):
 PSYoungGen      total 51200K, used 46268K [0x00000000e0000000, 0x00000000e3e80000, 0x0000000100000000)
  eden space 43520K, 100% used [0x00000000e0000000,0x00000000e2a80000,0x00000000e2a80000)
  from space 7680K, 35% used [0x00000000e3700000,0x00000000e39af140,0x00000000e3e80000)
  to   space 10240K, 0% used [0x00000000e2a80000,0x00000000e2a80000,0x00000000e3480000)
 ParOldGen       total 54272K, used 13142K [0x00000000a0000000, 0x00000000a3500000, 0x00000000e0000000)
  object space 54272K, 24% used [0x00000000a0000000,0x00000000a0cd5bf8,0x00000000a3500000)
 Metaspace       used 36475K, capacity 37952K, committed 38104K, reserved 1081344K
  class space    used 5015K, capacity 5311K, committed 5376K, reserved 1048576K
Event: 112.226 GC heap after
Heap after GC invocations=17 (full 2):
 PSYoungGen      total 53760K, used 3012K [0x00000000e0000000, 0x00000000e5300000, 0x0000000100000000)
  eden space 43520K, 0% used [0x00000000e0000000,0x00000000e0000000,0x00000000e2a80000)
  from space 10240K, 29% used [0x00000000e2a80000,0x00000000e2d71038,0x00000000e3480000)
  to   space 10240K, 0% used [0x00000000e4900000,0x00000000e4900000,0x00000000e5300000)
 ParOldGen       total 54272K, used 14381K [0x00000000a0000000, 0x00000000a3500000, 0x00000000e0000000)
  object space 54272K, 26% used [0x00000000a0000000,0x00000000a0e0b438,0x00000000a3500000)
 Metaspace       used 36475K, capacity 37952K, committed 38104K, reserved 1081344K
  class space    used 5015K, capacity 5311K, committed 5376K, reserved 1048576K
}
Event: 116.024 GC heap before
{Heap before GC invocations=18 (full 2):
 PSYoungGen      total 53760K, used 46532K [0x00000000e0000000, 0x00000000e5300000, 0x0000000100000000)
  eden space 43520K, 100% used [0x00000000e0000000,0x00000000e2a80000,0x00000000e2a80000)
  from space 10240K, 29% used [0x00000000e2a80000,0x00000000e2d71038,0x00000000e3480000)
  to   space 10240K, 0% used [0x00000000e4900000,0x00000000e4900000,0x00000000e5300000)
 ParOldGen       total 54272K, used 14381K [0x00000000a0000000, 0x00000000a3500000, 0x00000000e0000000)
  object space 54272K, 26% used [0x00000000a0000000,0x00000000a0e0b438,0x00000000a3500000)
 Metaspace       used 40631K, capacity 42414K, committed 42584K, reserved 1085440K
  class space    used 5584K, capacity 6004K, committed 6016K, reserved 1048576K
Event: 116.035 GC heap after
Heap after GC invocations=18 (full 2):
 PSYoungGen      total 71680K, used 5233K [0x00000000e0000000, 0x00000000e5100000, 0x0000000100000000)
  eden space 63488K, 0% used [0x00000000e0000000,0x00000000e0000000,0x00000000e3e00000)
  from space 8192K, 63% used [0x00000000e4900000,0x00000000e4e1c610,0x00000000e5100000)
  to   space 9728K, 0% used [0x00000000e3e00000,0x00000000e3e00000,0x00000000e4780000)
 ParOldGen       total 54272K, used 16673K [0x00000000a0000000, 0x00000000a3500000, 0x00000000e0000000)
  object space 54272K, 30% used [0x00000000a0000000,0x00000000a1048508,0x00000000a3500000)
 Metaspace       used 40631K, capacity 42414K, committed 42584K, reserved 1085440K
  class space    used 5584K, capacity 6004K, committed 6016K, reserved 1048576K
}
Event: 120.294 GC heap before
{Heap before GC invocations=19 (full 2):
 PSYoungGen      total 71680K, used 68721K [0x00000000e0000000, 0x00000000e5100000, 0x0000000100000000)
  eden space 63488K, 100% used [0x00000000e0000000,0x00000000e3e00000,0x00000000e3e00000)
  from space 8192K, 63% used [0x00000000e4900000,0x00000000e4e1c610,0x00000000e5100000)
  to   space 9728K, 0% used [0x00000000e3e00000,0x00000000e3e00000,0x00000000e4780000)
 ParOldGen       total 54272K, used 16673K [0x00000000a0000000, 0x00000000a3500000, 0x00000000e0000000)
  object space 54272K, 30% used [0x00000000a0000000,0x00000000a1048508,0x00000000a3500000)
 Metaspace       used 46989K, capacity 48852K, committed 48984K, reserved 1091584K
  class space    used 6354K, capacity 6717K, committed 6784K, reserved 1048576K
Event: 120.305 GC heap after
Heap after GC invocations=19 (full 2):
 PSYoungGen      total 73216K, used 8241K [0x00000000e0000000, 0x00000000e6500000, 0x0000000100000000)
  eden space 63488K, 0% used [0x00000000e0000000,0x00000000e0000000,0x00000000e3e00000)
  from space 9728K, 84% used [0x00000000e3e00000,0x00000000e460c5f0,0x00000000e4780000)
  to   space 10752K, 0% used [0x00000000e5a80000,0x00000000e5a80000,0x00000000e6500000)
 ParOldGen       total 54272K, used 18440K [0x00000000a0000000, 0x00000000a3500000, 0x00000000e0000000)
  object space 54272K, 33% used [0x00000000a0000000,0x00000000a12023b8,0x00000000a3500000)
 Metaspace       used 46989K, capacity 48852K, committed 48984K, reserved 1091584K
  class space    used 6354K, capacity 6717K, committed 6784K, reserved 1048576K
}

