# JRE version: OpenJDK Runtime Environment (8.0_242-b01) (build 1.8.0_242-release-1644-b01)
# Java VM: OpenJDK 64-Bit Server VM (25.242-b01 mixed mode windows-amd64 compressed oops)
Heap:
 PSYoungGen      total 351744K, used 121581K [0x00000000e0000000, 0x00000000f6e80000, 0x0000000100000000)
  eden space 328704K, 35% used [0x00000000e0000000,0x00000000e70a29c8,0x00000000f4100000)
  from space 23040K, 27% used [0x00000000f5700000,0x00000000f5d18ce8,0x00000000f6d80000)
  to   space 22528K, 0% used [0x00000000f4100000,0x00000000f4100000,0x00000000f5700000)
 ParOldGen       total 189440K, used 86048K [0x00000000a0000000, 0x00000000ab900000, 0x00000000e0000000)
  object space 189440K, 45% used [0x00000000a0000000,0x00000000a5408098,0x00000000ab900000)
 Metaspace       used 95600K, capacity 100621K, committed 100940K, reserved 1136640K
  class space    used 12508K, capacity 13519K, committed 13696K, reserved 1048576K
GC Heap History (10 events):
Event: 592.029 GC heap before
{Heap before GC invocations=32 (full 4):
 PSYoungGen      total 257536K, used 242521K [0x00000000e0000000, 0x00000000f3880000, 0x0000000100000000)
  eden space 232960K, 100% used [0x00000000e0000000,0x00000000ee380000,0x00000000ee380000)
  from space 24576K, 38% used [0x00000000ee380000,0x00000000eecd6670,0x00000000efb80000)
  to   space 24064K, 0% used [0x00000000f2100000,0x00000000f2100000,0x00000000f3880000)
 ParOldGen       total 189440K, used 69838K [0x00000000a0000000, 0x00000000ab900000, 0x00000000e0000000)
  object space 189440K, 36% used [0x00000000a0000000,0x00000000a4433808,0x00000000ab900000)
 Metaspace       used 95329K, capacity 100375K, committed 100684K, reserved 1136640K
  class space    used 12505K, capacity 13514K, committed 13696K, reserved 1048576K
Event: 592.072 GC heap after
Heap after GC invocations=32 (full 4):
 PSYoungGen      total 296960K, used 8649K [0x00000000e0000000, 0x00000000f3b00000, 0x0000000100000000)
  eden space 272896K, 0% used [0x00000000e0000000,0x00000000e0000000,0x00000000f0a80000)
  from space 24064K, 35% used [0x00000000f2100000,0x00000000f2972690,0x00000000f3880000)
  to   space 23040K, 0% used [0x00000000f0a80000,0x00000000f0a80000,0x00000000f2100000)
 ParOldGen       total 189440K, used 71070K [0x00000000a0000000, 0x00000000ab900000, 0x00000000e0000000)
  object space 189440K, 37% used [0x00000000a0000000,0x00000000a4567818,0x00000000ab900000)
 Metaspace       used 95329K, capacity 100375K, committed 100684K, reserved 1136640K
  class space    used 12505K, capacity 13514K, committed 13696K, reserved 1048576K
}
Event: 593.883 GC heap before
{Heap before GC invocations=33 (full 4):
 PSYoungGen      total 296960K, used 281545K [0x00000000e0000000, 0x00000000f3b00000, 0x0000000100000000)
  eden space 272896K, 100% used [0x00000000e0000000,0x00000000f0a80000,0x00000000f0a80000)
  from space 24064K, 35% used [0x00000000f2100000,0x00000000f2972690,0x00000000f3880000)
  to   space 23040K, 0% used [0x00000000f0a80000,0x00000000f0a80000,0x00000000f2100000)
 ParOldGen       total 189440K, used 71070K [0x00000000a0000000, 0x00000000ab900000, 0x00000000e0000000)
  object space 189440K, 37% used [0x00000000a0000000,0x00000000a4567818,0x00000000ab900000)
 Metaspace       used 95358K, capacity 100447K, committed 100940K, reserved 1136640K
  class space    used 12505K, capacity 13514K, committed 13696K, reserved 1048576K
Event: 593.955 GC heap after
Heap after GC invocations=33 (full 4):
 PSYoungGen      total 295936K, used 7106K [0x00000000e0000000, 0x00000000f6d80000, 0x0000000100000000)
  eden space 272896K, 0% used [0x00000000e0000000,0x00000000e0000000,0x00000000f0a80000)
  from space 23040K, 30% used [0x00000000f0a80000,0x00000000f1170810,0x00000000f2100000)
  to   space 23040K, 0% used [0x00000000f5700000,0x00000000f5700000,0x00000000f6d80000)
 ParOldGen       total 189440K, used 76263K [0x00000000a0000000, 0x00000000ab900000, 0x00000000e0000000)
  object space 189440K, 40% used [0x00000000a0000000,0x00000000a4a79eb8,0x00000000ab900000)
 Metaspace       used 95358K, capacity 100447K, committed 100940K, reserved 1136640K
  class space    used 12505K, capacity 13514K, committed 13696K, reserved 1048576K
}
Event: 596.109 GC heap before
{Heap before GC invocations=34 (full 4):
 PSYoungGen      total 295936K, used 280002K [0x00000000e0000000, 0x00000000f6d80000, 0x0000000100000000)
  eden space 272896K, 100% used [0x00000000e0000000,0x00000000f0a80000,0x00000000f0a80000)
  from space 23040K, 30% used [0x00000000f0a80000,0x00000000f1170810,0x00000000f2100000)
  to   space 23040K, 0% used [0x00000000f5700000,0x00000000f5700000,0x00000000f6d80000)
 ParOldGen       total 189440K, used 76263K [0x00000000a0000000, 0x00000000ab900000, 0x00000000e0000000)
  object space 189440K, 40% used [0x00000000a0000000,0x00000000a4a79eb8,0x00000000ab900000)
 Metaspace       used 95523K, capacity 100591K, committed 100940K, reserved 1136640K
  class space    used 12507K, capacity 13516K, committed 13696K, reserved 1048576K
Event: 596.181 GC heap after
Heap after GC invocations=34 (full 4):
 PSYoungGen      total 351744K, used 5729K [0x00000000e0000000, 0x00000000f6e80000, 0x0000000100000000)
  eden space 328704K, 0% used [0x00000000e0000000,0x00000000e0000000,0x00000000f4100000)
  from space 23040K, 24% used [0x00000000f5700000,0x00000000f5c98568,0x00000000f6d80000)
  to   space 22528K, 0% used [0x00000000f4100000,0x00000000f4100000,0x00000000f5700000)
 ParOldGen       total 189440K, used 81847K [0x00000000a0000000, 0x00000000ab900000, 0x00000000e0000000)
  object space 189440K, 43% used [0x00000000a0000000,0x00000000a4fedde0,0x00000000ab900000)
 Metaspace       used 95523K, capacity 100591K, committed 100940K, reserved 1136640K
  class space    used 12507K, capacity 13516K, committed 13696K, reserved 1048576K
}
Event: 598.712 GC heap before
{Heap before GC invocations=35 (full 4):
 PSYoungGen      total 351744K, used 334433K [0x00000000e0000000, 0x00000000f6e80000, 0x0000000100000000)
  eden space 328704K, 100% used [0x00000000e0000000,0x00000000f4100000,0x00000000f4100000)
  from space 23040K, 24% used [0x00000000f5700000,0x00000000f5c98568,0x00000000f6d80000)
  to   space 22528K, 0% used [0x00000000f4100000,0x00000000f4100000,0x00000000f5700000)
 ParOldGen       total 189440K, used 81847K [0x00000000a0000000, 0x00000000ab900000, 0x00000000e0000000)
  object space 189440K, 43% used [0x00000000a0000000,0x00000000a4fedde0,0x00000000ab900000)
 Metaspace       used 95551K, capacity 100605K, committed 100940K, reserved 1136640K
  class space    used 12507K, capacity 13517K, committed 13696K, reserved 1048576K
Event: 598.775 GC heap after
Heap after GC invocations=35 (full 4):
 PSYoungGen      total 351232K, used 5323K [0x00000000e0000000, 0x00000000f6e80000, 0x0000000100000000)
  eden space 328704K, 0% used [0x00000000e0000000,0x00000000e0000000,0x00000000f4100000)
  from space 22528K, 23% used [0x00000000f4100000,0x00000000f4632cb0,0x00000000f5700000)
  to   space 23040K, 0% used [0x00000000f5700000,0x00000000f5700000,0x00000000f6d80000)
 ParOldGen       total 189440K, used 84075K [0x00000000a0000000, 0x00000000ab900000, 0x00000000e0000000)
  object space 189440K, 44% used [0x00000000a0000000,0x00000000a521ad00,0x00000000ab900000)
 Metaspace       used 95551K, capacity 100605K, committed 100940K, reserved 1136640K
  class space    used 12507K, capacity 13517K, committed 13696K, reserved 1048576K
}
Event: 601.193 GC heap before
{Heap before GC invocations=36 (full 4):
 PSYoungGen      total 351232K, used 334027K [0x00000000e0000000, 0x00000000f6e80000, 0x0000000100000000)
  eden space 328704K, 100% used [0x00000000e0000000,0x00000000f4100000,0x00000000f4100000)
  from space 22528K, 23% used [0x00000000f4100000,0x00000000f4632cb0,0x00000000f5700000)
  to   space 23040K, 0% used [0x00000000f5700000,0x00000000f5700000,0x00000000f6d80000)
 ParOldGen       total 189440K, used 84075K [0x00000000a0000000, 0x00000000ab900000, 0x00000000e0000000)
  object space 189440K, 44% used [0x00000000a0000000,0x00000000a521ad00,0x00000000ab900000)
 Metaspace       used 95588K, capacity 100617K, committed 100940K, reserved 1136640K
  class space    used 12508K, capacity 13519K, committed 13696K, reserved 1048576K
Event: 601.229 GC heap after
Heap after GC invocations=36 (full 4):
 PSYoungGen      total 351744K, used 6243K [0x00000000e0000000, 0x00000000f6e80000, 0x0000000100000000)
  eden space 328704K, 0% used [0x00000000e0000000,0x00000000e0000000,0x00000000f4100000)
  from space 23040K, 27% used [0x00000000f5700000,0x00000000f5d18ce8,0x00000000f6d80000)
  to   space 22528K, 0% used [0x00000000f4100000,0x00000000f4100000,0x00000000f5700000)
 ParOldGen       total 189440K, used 86048K [0x00000000a0000000, 0x00000000ab900000, 0x00000000e0000000)
  object space 189440K, 45% used [0x00000000a0000000,0x00000000a5408098,0x00000000ab900000)
 Metaspace       used 95588K, capacity 100617K, committed 100940K, reserved 1136640K
  class space    used 12508K, capacity 13519K, committed 13696K, reserved 1048576K
}

