# JRE version: OpenJDK Runtime Environment (8.0_242-b01) (build 1.8.0_242-release-1644-b01)
# Java VM: OpenJDK 64-Bit Server VM (25.242-b01 mixed mode windows-amd64 compressed oops)
Heap:
 PSYoungGen      total 226304K, used 198928K [0x00000000e0000000, 0x00000000ef380000, 0x0000000100000000)
  eden space 209408K, 94% used [0x00000000e0000000,0x00000000ec244058,0x00000000ecc80000)
  from space 16896K, 0% used [0x00000000ee300000,0x00000000ee300000,0x00000000ef380000)
  to   space 19968K, 0% used [0x00000000ecc80000,0x00000000ecc80000,0x00000000ee000000)
 ParOldGen       total 108032K, used 29950K [0x00000000a0000000, 0x00000000a6980000, 0x00000000e0000000)
  object space 108032K, 27% used [0x00000000a0000000,0x00000000a1d3f970,0x00000000a6980000)
 Metaspace       used 64148K, capacity 67256K, committed 67368K, reserved 1107968K
  class space    used 8837K, capacity 9441K, committed 9512K, reserved 1048576K
GC Heap History (10 events):
Event: 9.511 GC heap before
{Heap before GC invocations=11 (full 2):
 PSYoungGen      total 138240K, used 10819K [0x00000000e0000000, 0x00000000eb480000, 0x0000000100000000)
  eden space 126976K, 0% used [0x00000000e0000000,0x00000000e0000000,0x00000000e7c00000)
  from space 11264K, 96% used [0x00000000e7c00000,0x00000000e8690d78,0x00000000e8700000)
  to   space 12800K, 0% used [0x00000000ea800000,0x00000000ea800000,0x00000000eb480000)
 ParOldGen       total 51200K, used 6761K [0x00000000a0000000, 0x00000000a3200000, 0x00000000e0000000)
  object space 51200K, 13% used [0x00000000a0000000,0x00000000a069a5e8,0x00000000a3200000)
 Metaspace       used 34245K, capacity 35414K, committed 35496K, reserved 1079296K
  class space    used 4712K, capacity 5008K, committed 5032K, reserved 1048576K
Event: 9.593 GC heap after
Heap after GC invocations=11 (full 2):
 PSYoungGen      total 138240K, used 0K [0x00000000e0000000, 0x00000000eb480000, 0x0000000100000000)
  eden space 126976K, 0% used [0x00000000e0000000,0x00000000e0000000,0x00000000e7c00000)
  from space 11264K, 0% used [0x00000000e7c00000,0x00000000e7c00000,0x00000000e8700000)
  to   space 12800K, 0% used [0x00000000ea800000,0x00000000ea800000,0x00000000eb480000)
 ParOldGen       total 74240K, used 17051K [0x00000000a0000000, 0x00000000a4880000, 0x00000000e0000000)
  object space 74240K, 22% used [0x00000000a0000000,0x00000000a10a6c38,0x00000000a4880000)
 Metaspace       used 34245K, capacity 35414K, committed 35496K, reserved 1079296K
  class space    used 4712K, capacity 5008K, committed 5032K, reserved 1048576K
}
Event: 15.556 GC heap before
{Heap before GC invocations=12 (full 2):
 PSYoungGen      total 138240K, used 126976K [0x00000000e0000000, 0x00000000eb480000, 0x0000000100000000)
  eden space 126976K, 100% used [0x00000000e0000000,0x00000000e7c00000,0x00000000e7c00000)
  from space 11264K, 0% used [0x00000000e7c00000,0x00000000e7c00000,0x00000000e8700000)
  to   space 12800K, 0% used [0x00000000ea800000,0x00000000ea800000,0x00000000eb480000)
 ParOldGen       total 74240K, used 17051K [0x00000000a0000000, 0x00000000a4880000, 0x00000000e0000000)
  object space 74240K, 22% used [0x00000000a0000000,0x00000000a10a6c38,0x00000000a4880000)
 Metaspace       used 39874K, capacity 41668K, committed 41896K, reserved 1085440K
  class space    used 5499K, capacity 5935K, committed 6056K, reserved 1048576K
Event: 15.574 GC heap after
Heap after GC invocations=12 (full 2):
 PSYoungGen      total 171520K, used 10052K [0x00000000e0000000, 0x00000000ec500000, 0x0000000100000000)
  eden space 158720K, 0% used [0x00000000e0000000,0x00000000e0000000,0x00000000e9b00000)
  from space 12800K, 78% used [0x00000000ea800000,0x00000000eb1d1058,0x00000000eb480000)
  to   space 13312K, 0% used [0x00000000e9b00000,0x00000000e9b00000,0x00000000ea800000)
 ParOldGen       total 74240K, used 17059K [0x00000000a0000000, 0x00000000a4880000, 0x00000000e0000000)
  object space 74240K, 22% used [0x00000000a0000000,0x00000000a10a8c38,0x00000000a4880000)
 Metaspace       used 39874K, capacity 41668K, committed 41896K, reserved 1085440K
  class space    used 5499K, capacity 5935K, committed 6056K, reserved 1048576K
}
Event: 29.471 GC heap before
{Heap before GC invocations=13 (full 2):
 PSYoungGen      total 171520K, used 168772K [0x00000000e0000000, 0x00000000ec500000, 0x0000000100000000)
  eden space 158720K, 100% used [0x00000000e0000000,0x00000000e9b00000,0x00000000e9b00000)
  from space 12800K, 78% used [0x00000000ea800000,0x00000000eb1d1058,0x00000000eb480000)
  to   space 13312K, 0% used [0x00000000e9b00000,0x00000000e9b00000,0x00000000ea800000)
 ParOldGen       total 74240K, used 17059K [0x00000000a0000000, 0x00000000a4880000, 0x00000000e0000000)
  object space 74240K, 22% used [0x00000000a0000000,0x00000000a10a8c38,0x00000000a4880000)
 Metaspace       used 55027K, capacity 57198K, committed 57512K, reserved 1099776K
  class space    used 7485K, capacity 7994K, committed 8104K, reserved 1048576K
Event: 29.512 GC heap after
Heap after GC invocations=13 (full 2):
 PSYoungGen      total 172032K, used 13308K [0x00000000e0000000, 0x00000000ef600000, 0x0000000100000000)
  eden space 158720K, 0% used [0x00000000e0000000,0x00000000e0000000,0x00000000e9b00000)
  from space 13312K, 99% used [0x00000000e9b00000,0x00000000ea7ff090,0x00000000ea800000)
  to   space 19456K, 0% used [0x00000000ee300000,0x00000000ee300000,0x00000000ef600000)
 ParOldGen       total 74240K, used 29527K [0x00000000a0000000, 0x00000000a4880000, 0x00000000e0000000)
  object space 74240K, 39% used [0x00000000a0000000,0x00000000a1cd5e30,0x00000000a4880000)
 Metaspace       used 55027K, capacity 57198K, committed 57512K, reserved 1099776K
  class space    used 7485K, capacity 7994K, committed 8104K, reserved 1048576K
}
Event: 31.361 GC heap before
{Heap before GC invocations=14 (full 2):
 PSYoungGen      total 172032K, used 38644K [0x00000000e0000000, 0x00000000ef600000, 0x0000000100000000)
  eden space 158720K, 15% used [0x00000000e0000000,0x00000000e18be0c8,0x00000000e9b00000)
  from space 13312K, 99% used [0x00000000e9b00000,0x00000000ea7ff090,0x00000000ea800000)
  to   space 19456K, 0% used [0x00000000ee300000,0x00000000ee300000,0x00000000ef600000)
 ParOldGen       total 74240K, used 29527K [0x00000000a0000000, 0x00000000a4880000, 0x00000000e0000000)
  object space 74240K, 39% used [0x00000000a0000000,0x00000000a1cd5e30,0x00000000a4880000)
 Metaspace       used 56733K, capacity 59038K, committed 59160K, reserved 1099776K
  class space    used 7749K, capacity 8260K, committed 8360K, reserved 1048576K
Event: 31.377 GC heap after
Heap after GC invocations=14 (full 2):
 PSYoungGen      total 226304K, used 2386K [0x00000000e0000000, 0x00000000ef380000, 0x0000000100000000)
  eden space 209408K, 0% used [0x00000000e0000000,0x00000000e0000000,0x00000000ecc80000)
  from space 16896K, 14% used [0x00000000ee300000,0x00000000ee5548f8,0x00000000ef380000)
  to   space 19968K, 0% used [0x00000000ecc80000,0x00000000ecc80000,0x00000000ee000000)
 ParOldGen       total 74240K, used 39821K [0x00000000a0000000, 0x00000000a4880000, 0x00000000e0000000)
  object space 74240K, 53% used [0x00000000a0000000,0x00000000a26e3778,0x00000000a4880000)
 Metaspace       used 56733K, capacity 59038K, committed 59160K, reserved 1099776K
  class space    used 7749K, capacity 8260K, committed 8360K, reserved 1048576K
}
Event: 31.377 GC heap before
{Heap before GC invocations=15 (full 3):
 PSYoungGen      total 226304K, used 2386K [0x00000000e0000000, 0x00000000ef380000, 0x0000000100000000)
  eden space 209408K, 0% used [0x00000000e0000000,0x00000000e0000000,0x00000000ecc80000)
  from space 16896K, 14% used [0x00000000ee300000,0x00000000ee5548f8,0x00000000ef380000)
  to   space 19968K, 0% used [0x00000000ecc80000,0x00000000ecc80000,0x00000000ee000000)
 ParOldGen       total 74240K, used 39821K [0x00000000a0000000, 0x00000000a4880000, 0x00000000e0000000)
  object space 74240K, 53% used [0x00000000a0000000,0x00000000a26e3778,0x00000000a4880000)
 Metaspace       used 56733K, capacity 59038K, committed 59160K, reserved 1099776K
  class space    used 7749K, capacity 8260K, committed 8360K, reserved 1048576K
Event: 31.597 GC heap after
Heap after GC invocations=15 (full 3):
 PSYoungGen      total 226304K, used 0K [0x00000000e0000000, 0x00000000ef380000, 0x0000000100000000)
  eden space 209408K, 0% used [0x00000000e0000000,0x00000000e0000000,0x00000000ecc80000)
  from space 16896K, 0% used [0x00000000ee300000,0x00000000ee300000,0x00000000ef380000)
  to   space 19968K, 0% used [0x00000000ecc80000,0x00000000ecc80000,0x00000000ee000000)
 ParOldGen       total 108032K, used 29950K [0x00000000a0000000, 0x00000000a6980000, 0x00000000e0000000)
  object space 108032K, 27% used [0x00000000a0000000,0x00000000a1d3f970,0x00000000a6980000)
 Metaspace       used 56720K, capacity 58996K, committed 59160K, reserved 1099776K
  class space    used 7745K, capacity 8253K, committed 8360K, reserved 1048576K
}

